<?xml version="1.0" encoding="UTF-8"?>
<testsuites>
  <testsuite name="Phing Batchtest" tests="127" assertions="86" failures="0" errors="0" time="48.855301">
    <testsuite name="EqualsConditionTest" file="/home/druid/dev/phing/trunk/test/classes/phing/tasks/condition/EqualsConditionTest.php" fullPackage="phing.tasks.system.condition" package="phing.tasks.system.condition" tests="2" assertions="5" failures="0" errors="0" time="0.001726">
      <testcase name="testTrim" class="EqualsConditionTest" file="/home/druid/dev/phing/trunk/test/classes/phing/tasks/condition/EqualsConditionTest.php" line="36" assertions="3" time="0.001418"/>
      <testcase name="testCaseSensitive" class="EqualsConditionTest" file="/home/druid/dev/phing/trunk/test/classes/phing/tasks/condition/EqualsConditionTest.php" line="49" assertions="2" time="0.000308"/>
    </testsuite>
    <testsuite name="ContainsConditionTest" file="/home/druid/dev/phing/trunk/test/classes/phing/tasks/condition/ContainsConditionTest.php" fullPackage="phing.tasks.system.condition" package="phing.tasks.system.condition" tests="1" assertions="2" failures="0" errors="0" time="0.000302">
      <testcase name="testCaseSensitive" class="ContainsConditionTest" file="/home/druid/dev/phing/trunk/test/classes/phing/tasks/condition/ContainsConditionTest.php" line="36" assertions="2" time="0.000302"/>
    </testsuite>
    <testsuite name="GitCheckoutTaskTest" file="/home/druid/dev/phing/trunk/test/classes/phing/tasks/ext/GitTasks/GitCheckoutTaskTest.php" fullPackage="phing.tasks.ext" package="phing.tasks.ext" tests="8" assertions="0" failures="0" errors="0" time="3.871913">
      <testcase name="testCheckoutExistingBranch" class="GitCheckoutTaskTest" file="/home/druid/dev/phing/trunk/test/classes/phing/tasks/ext/GitTasks/GitCheckoutTaskTest.php" line="51" assertions="0" time="1.144656"/>
      <testcase name="testCheckoutNonExistingBranch" class="GitCheckoutTaskTest" file="/home/druid/dev/phing/trunk/test/classes/phing/tasks/ext/GitTasks/GitCheckoutTaskTest.php" line="63" assertions="0" time="0.570549"/>
      <testcase name="testNoRepositorySpecified" class="GitCheckoutTaskTest" file="/home/druid/dev/phing/trunk/test/classes/phing/tasks/ext/GitTasks/GitCheckoutTaskTest.php" line="70" assertions="0" time="0.013011"/>
      <testcase name="testNoBranchnameSpecified" class="GitCheckoutTaskTest" file="/home/druid/dev/phing/trunk/test/classes/phing/tasks/ext/GitTasks/GitCheckoutTaskTest.php" line="77" assertions="0" time="0.010496"/>
      <testcase name="testCheckoutMerge" class="GitCheckoutTaskTest" file="/home/druid/dev/phing/trunk/test/classes/phing/tasks/ext/GitTasks/GitCheckoutTaskTest.php" line="84" assertions="0" time="0.508891"/>
      <testcase name="testCheckoutCreateBranch" class="GitCheckoutTaskTest" file="/home/druid/dev/phing/trunk/test/classes/phing/tasks/ext/GitTasks/GitCheckoutTaskTest.php" line="93" assertions="0" time="0.583249"/>
      <testcase name="testForceCheckoutCreateBranch" class="GitCheckoutTaskTest" file="/home/druid/dev/phing/trunk/test/classes/phing/tasks/ext/GitTasks/GitCheckoutTaskTest.php" line="102" assertions="0" time="0.496305"/>
      <testcase name="testForceCheckoutCreateBranchFailed" class="GitCheckoutTaskTest" file="/home/druid/dev/phing/trunk/test/classes/phing/tasks/ext/GitTasks/GitCheckoutTaskTest.php" line="110" assertions="0" time="0.544756"/>
    </testsuite>
    <testsuite name="GitBaseTest" file="/home/druid/dev/phing/trunk/test/classes/phing/tasks/ext/GitTasks/GitBaseTest.php" fullPackage="phing.tasks.ext" package="phing.tasks.ext" tests="3" assertions="6" failures="0" errors="0" time="0.036698">
      <testcase name="testInitialization" class="GitBaseTest" file="/home/druid/dev/phing/trunk/test/classes/phing/tasks/ext/GitTasks/GitBaseTest.php" line="40" assertions="2" time="0.023877"/>
      <testcase name="testArguments" class="GitBaseTest" file="/home/druid/dev/phing/trunk/test/classes/phing/tasks/ext/GitTasks/GitBaseTest.php" line="48" assertions="1" time="0.007342"/>
      <testcase name="testMutators" class="GitBaseTest" file="/home/druid/dev/phing/trunk/test/classes/phing/tasks/ext/GitTasks/GitBaseTest.php" line="51" assertions="3" time="0.005479"/>
    </testsuite>
    <testsuite name="GitFetchTaskTest" file="/home/druid/dev/phing/trunk/test/classes/phing/tasks/ext/GitTasks/GitFetchTaskTest.php" fullPackage="phing.tasks.ext" package="phing.tasks.ext" tests="5" assertions="0" failures="0" errors="0" time="2.328471">
      <testcase name="testAllParamsSet" class="GitFetchTaskTest" file="/home/druid/dev/phing/trunk/test/classes/phing/tasks/ext/GitTasks/GitFetchTaskTest.php" line="51" assertions="0" time="0.812476"/>
      <testcase name="testFetchAllRemotes" class="GitFetchTaskTest" file="/home/druid/dev/phing/trunk/test/classes/phing/tasks/ext/GitTasks/GitFetchTaskTest.php" line="59" assertions="0" time="0.697546"/>
      <testcase name="testNoRepositorySpecified" class="GitFetchTaskTest" file="/home/druid/dev/phing/trunk/test/classes/phing/tasks/ext/GitTasks/GitFetchTaskTest.php" line="67" assertions="0" time="0.010471"/>
      <testcase name="testNoTargetSpecified" class="GitFetchTaskTest" file="/home/druid/dev/phing/trunk/test/classes/phing/tasks/ext/GitTasks/GitFetchTaskTest.php" line="74" assertions="0" time="0.007938"/>
      <testcase name="testRefspecSet" class="GitFetchTaskTest" file="/home/druid/dev/phing/trunk/test/classes/phing/tasks/ext/GitTasks/GitFetchTaskTest.php" line="81" assertions="0" time="0.800040"/>
    </testsuite>
    <testsuite name="GitBranchTaskTest" file="/home/druid/dev/phing/trunk/test/classes/phing/tasks/ext/GitTasks/GitBranchTaskTest.php" fullPackage="phing.tasks.ext" package="phing.tasks.ext" tests="12" assertions="0" failures="0" errors="0" time="5.008188">
      <testcase name="testAllParamsSet" class="GitBranchTaskTest" file="/home/druid/dev/phing/trunk/test/classes/phing/tasks/ext/GitTasks/GitBranchTaskTest.php" line="51" assertions="0" time="0.484672"/>
      <testcase name="testNoRepositorySpecified" class="GitBranchTaskTest" file="/home/druid/dev/phing/trunk/test/classes/phing/tasks/ext/GitTasks/GitBranchTaskTest.php" line="58" assertions="0" time="0.015332"/>
      <testcase name="testNoBranchnameSpecified" class="GitBranchTaskTest" file="/home/druid/dev/phing/trunk/test/classes/phing/tasks/ext/GitTasks/GitBranchTaskTest.php" line="65" assertions="0" time="0.011788"/>
      <testcase name="testTrackParameter" class="GitBranchTaskTest" file="/home/druid/dev/phing/trunk/test/classes/phing/tasks/ext/GitTasks/GitBranchTaskTest.php" line="72" assertions="0" time="0.475829"/>
      <testcase name="testNoTrackParameter" class="GitBranchTaskTest" file="/home/druid/dev/phing/trunk/test/classes/phing/tasks/ext/GitTasks/GitBranchTaskTest.php" line="81" assertions="0" time="0.479105"/>
      <testcase name="testSetUpstreamParameter" class="GitBranchTaskTest" file="/home/druid/dev/phing/trunk/test/classes/phing/tasks/ext/GitTasks/GitBranchTaskTest.php" line="90" assertions="0" time="0.491022"/>
      <testcase name="testForceParameter" class="GitBranchTaskTest" file="/home/druid/dev/phing/trunk/test/classes/phing/tasks/ext/GitTasks/GitBranchTaskTest.php" line="99" assertions="0" time="0.485886"/>
      <testcase name="testDeleteBranch" class="GitBranchTaskTest" file="/home/druid/dev/phing/trunk/test/classes/phing/tasks/ext/GitTasks/GitBranchTaskTest.php" line="108" assertions="0" time="0.514414"/>
      <testcase name="testMoveBranch" class="GitBranchTaskTest" file="/home/druid/dev/phing/trunk/test/classes/phing/tasks/ext/GitTasks/GitBranchTaskTest.php" line="120" assertions="0" time="0.493001"/>
      <testcase name="testForceMoveBranch" class="GitBranchTaskTest" file="/home/druid/dev/phing/trunk/test/classes/phing/tasks/ext/GitTasks/GitBranchTaskTest.php" line="130" assertions="0" time="0.584641"/>
      <testcase name="testForceMoveBranchNoNewbranch" class="GitBranchTaskTest" file="/home/druid/dev/phing/trunk/test/classes/phing/tasks/ext/GitTasks/GitBranchTaskTest.php" line="140" assertions="0" time="0.495240"/>
      <testcase name="testMoveBranchNoNewbranch" class="GitBranchTaskTest" file="/home/druid/dev/phing/trunk/test/classes/phing/tasks/ext/GitTasks/GitBranchTaskTest.php" line="149" assertions="0" time="0.477258"/>
    </testsuite>
    <testsuite name="GitPushTaskTest" file="/home/druid/dev/phing/trunk/test/classes/phing/tasks/ext/GitTasks/GitPushTaskTest.php" fullPackage="phing.tasks.ext" package="phing.tasks.ext" tests="8" assertions="0" failures="0" errors="0" time="27.047199">
      <testcase name="testAllParamsSet" class="GitPushTaskTest" file="/home/druid/dev/phing/trunk/test/classes/phing/tasks/ext/GitTasks/GitPushTaskTest.php" line="51" assertions="0" time="5.365743"/>
      <testcase name="testAllReposSet" class="GitPushTaskTest" file="/home/druid/dev/phing/trunk/test/classes/phing/tasks/ext/GitTasks/GitPushTaskTest.php" line="59" assertions="0" time="3.892860"/>
      <testcase name="testTagsSet" class="GitPushTaskTest" file="/home/druid/dev/phing/trunk/test/classes/phing/tasks/ext/GitTasks/GitPushTaskTest.php" line="67" assertions="0" time="3.813634"/>
      <testcase name="testDeleteSet" class="GitPushTaskTest" file="/home/druid/dev/phing/trunk/test/classes/phing/tasks/ext/GitTasks/GitPushTaskTest.php" line="75" assertions="0" time="5.903767"/>
      <testcase name="testMirrorSet" class="GitPushTaskTest" file="/home/druid/dev/phing/trunk/test/classes/phing/tasks/ext/GitTasks/GitPushTaskTest.php" line="84" assertions="0" time="4.083853"/>
      <testcase name="testNoRepositorySpecified" class="GitPushTaskTest" file="/home/druid/dev/phing/trunk/test/classes/phing/tasks/ext/GitTasks/GitPushTaskTest.php" line="92" assertions="0" time="0.012654"/>
      <testcase name="testWrongRepo" class="GitPushTaskTest" file="/home/druid/dev/phing/trunk/test/classes/phing/tasks/ext/GitTasks/GitPushTaskTest.php" line="99" assertions="0" time="1.940981"/>
      <testcase name="testNoDestinationSpecified" class="GitPushTaskTest" file="/home/druid/dev/phing/trunk/test/classes/phing/tasks/ext/GitTasks/GitPushTaskTest.php" line="106" assertions="0" time="2.033707"/>
    </testsuite>
    <testsuite name="GitMergeTaskTest" file="/home/druid/dev/phing/trunk/test/classes/phing/tasks/ext/GitTasks/GitMergeTaskTest.php" fullPackage="phing.tasks.ext" package="phing.tasks.ext" tests="6" assertions="0" failures="0" errors="0" time="1.995643">
      <testcase name="testAllParamsSet" class="GitMergeTaskTest" file="/home/druid/dev/phing/trunk/test/classes/phing/tasks/ext/GitTasks/GitMergeTaskTest.php" line="51" assertions="0" time="0.534250"/>
      <testcase name="testNoCommitSet" class="GitMergeTaskTest" file="/home/druid/dev/phing/trunk/test/classes/phing/tasks/ext/GitTasks/GitMergeTaskTest.php" line="59" assertions="0" time="0.479441"/>
      <testcase name="testRemoteSet" class="GitMergeTaskTest" file="/home/druid/dev/phing/trunk/test/classes/phing/tasks/ext/GitTasks/GitMergeTaskTest.php" line="67" assertions="0" time="0.484826"/>
      <testcase name="testNoRepositorySpecified" class="GitMergeTaskTest" file="/home/druid/dev/phing/trunk/test/classes/phing/tasks/ext/GitTasks/GitMergeTaskTest.php" line="75" assertions="0" time="0.014308"/>
      <testcase name="testNoRemotesSpecified" class="GitMergeTaskTest" file="/home/druid/dev/phing/trunk/test/classes/phing/tasks/ext/GitTasks/GitMergeTaskTest.php" line="82" assertions="0" time="0.009684"/>
      <testcase name="testWrongStrategySet" class="GitMergeTaskTest" file="/home/druid/dev/phing/trunk/test/classes/phing/tasks/ext/GitTasks/GitMergeTaskTest.php" line="89" assertions="0" time="0.473134"/>
    </testsuite>
    <testsuite name="GitGcTaskTest" file="/home/druid/dev/phing/trunk/test/classes/phing/tasks/ext/GitTasks/GitGcTaskTest.php" fullPackage="phing.tasks.ext" package="phing.tasks.ext" tests="6" assertions="0" failures="0" errors="0" time="2.630938">
      <testcase name="testAllParamsSet" class="GitGcTaskTest" file="/home/druid/dev/phing/trunk/test/classes/phing/tasks/ext/GitTasks/GitGcTaskTest.php" line="51" assertions="0" time="0.488514"/>
      <testcase name="testNoRepositorySpecified" class="GitGcTaskTest" file="/home/druid/dev/phing/trunk/test/classes/phing/tasks/ext/GitTasks/GitGcTaskTest.php" line="58" assertions="0" time="0.012202"/>
      <testcase name="testAutoParameter" class="GitGcTaskTest" file="/home/druid/dev/phing/trunk/test/classes/phing/tasks/ext/GitTasks/GitGcTaskTest.php" line="65" assertions="0" time="0.472394"/>
      <testcase name="testNoPruneParameter" class="GitGcTaskTest" file="/home/druid/dev/phing/trunk/test/classes/phing/tasks/ext/GitTasks/GitGcTaskTest.php" line="74" assertions="0" time="0.540031"/>
      <testcase name="testAggressiveParameter" class="GitGcTaskTest" file="/home/druid/dev/phing/trunk/test/classes/phing/tasks/ext/GitTasks/GitGcTaskTest.php" line="83" assertions="0" time="0.562678"/>
      <testcase name="testPruneParameter" class="GitGcTaskTest" file="/home/druid/dev/phing/trunk/test/classes/phing/tasks/ext/GitTasks/GitGcTaskTest.php" line="92" assertions="0" time="0.555119"/>
    </testsuite>
    <testsuite name="GitInitTaskTest" file="/home/druid/dev/phing/trunk/test/classes/phing/tasks/ext/GitTasks/GitInitTaskTest.php" fullPackage="phing.tasks.ext" package="phing.tasks.ext" tests="4" assertions="7" failures="0" errors="0" time="0.069171">
      <testcase name="testWrongRepository" class="GitInitTaskTest" file="/home/druid/dev/phing/trunk/test/classes/phing/tasks/ext/GitTasks/GitInitTaskTest.php" line="46" assertions="0" time="0.020277"/>
      <testcase name="testGitInit" class="GitInitTaskTest" file="/home/druid/dev/phing/trunk/test/classes/phing/tasks/ext/GitTasks/GitInitTaskTest.php" line="53" assertions="2" time="0.017444"/>
      <testcase name="testGitInitBare" class="GitInitTaskTest" file="/home/druid/dev/phing/trunk/test/classes/phing/tasks/ext/GitTasks/GitInitTaskTest.php" line="64" assertions="5" time="0.020731"/>
      <testcase name="testNoRepositorySpecified" class="GitInitTaskTest" file="/home/druid/dev/phing/trunk/test/classes/phing/tasks/ext/GitTasks/GitInitTaskTest.php" line="77" assertions="0" time="0.010719"/>
    </testsuite>
    <testsuite name="GitPullTaskTest" file="/home/druid/dev/phing/trunk/test/classes/phing/tasks/ext/GitTasks/GitPullTaskTest.php" fullPackage="phing.tasks.ext" package="phing.tasks.ext" tests="9" assertions="0" failures="0" errors="0" time="2.541696">
      <testcase name="testAllParamsSet" class="GitPullTaskTest" file="/home/druid/dev/phing/trunk/test/classes/phing/tasks/ext/GitTasks/GitPullTaskTest.php" line="51" assertions="0" time="0.026164"/>
      <testcase name="testAllParamsSetRebase" class="GitPullTaskTest" file="/home/druid/dev/phing/trunk/test/classes/phing/tasks/ext/GitTasks/GitPullTaskTest.php" line="62" assertions="0" time="0.013250"/>
      <testcase name="testAllReposSet" class="GitPullTaskTest" file="/home/druid/dev/phing/trunk/test/classes/phing/tasks/ext/GitTasks/GitPullTaskTest.php" line="74" assertions="0" time="0.718945"/>
      <testcase name="testTagsSet" class="GitPullTaskTest" file="/home/druid/dev/phing/trunk/test/classes/phing/tasks/ext/GitTasks/GitPullTaskTest.php" line="82" assertions="0" time="0.013313"/>
      <testcase name="testAppendSet" class="GitPullTaskTest" file="/home/druid/dev/phing/trunk/test/classes/phing/tasks/ext/GitTasks/GitPullTaskTest.php" line="93" assertions="0" time="0.812057"/>
      <testcase name="testNoTagsSet" class="GitPullTaskTest" file="/home/druid/dev/phing/trunk/test/classes/phing/tasks/ext/GitTasks/GitPullTaskTest.php" line="102" assertions="0" time="0.013909"/>
      <testcase name="testNoRepositorySpecified" class="GitPullTaskTest" file="/home/druid/dev/phing/trunk/test/classes/phing/tasks/ext/GitTasks/GitPullTaskTest.php" line="113" assertions="0" time="0.009295"/>
      <testcase name="testNoSourceSpecified" class="GitPullTaskTest" file="/home/druid/dev/phing/trunk/test/classes/phing/tasks/ext/GitTasks/GitPullTaskTest.php" line="120" assertions="0" time="0.469025"/>
      <testcase name="testWrongStrategySet" class="GitPullTaskTest" file="/home/druid/dev/phing/trunk/test/classes/phing/tasks/ext/GitTasks/GitPullTaskTest.php" line="127" assertions="0" time="0.465738"/>
    </testsuite>
    <testsuite name="GitCloneTaskTest" file="/home/druid/dev/phing/trunk/test/classes/phing/tasks/ext/GitTasks/GitCloneTaskTest.php" fullPackage="phing.tasks.ext" package="phing.tasks.ext" tests="6" assertions="8" failures="0" errors="0" time="1.026446">
      <testcase name="testWrongRepository" class="GitCloneTaskTest" file="/home/druid/dev/phing/trunk/test/classes/phing/tasks/ext/GitTasks/GitCloneTaskTest.php" line="46" assertions="0" time="0.036847"/>
      <testcase name="testWrongTargetPath" class="GitCloneTaskTest" file="/home/druid/dev/phing/trunk/test/classes/phing/tasks/ext/GitTasks/GitCloneTaskTest.php" line="53" assertions="0" time="0.011810"/>
      <testcase name="testGitClone" class="GitCloneTaskTest" file="/home/druid/dev/phing/trunk/test/classes/phing/tasks/ext/GitTasks/GitCloneTaskTest.php" line="60" assertions="3" time="0.477582"/>
      <testcase name="testGitCloneBare" class="GitCloneTaskTest" file="/home/druid/dev/phing/trunk/test/classes/phing/tasks/ext/GitTasks/GitCloneTaskTest.php" line="73" assertions="5" time="0.480176"/>
      <testcase name="testNoRepositorySpecified" class="GitCloneTaskTest" file="/home/druid/dev/phing/trunk/test/classes/phing/tasks/ext/GitTasks/GitCloneTaskTest.php" line="86" assertions="0" time="0.011641"/>
      <testcase name="testNoTargetPathSpecified" class="GitCloneTaskTest" file="/home/druid/dev/phing/trunk/test/classes/phing/tasks/ext/GitTasks/GitCloneTaskTest.php" line="93" assertions="0" time="0.008390"/>
    </testsuite>
    <testsuite name="PropertyTaskTest" file="/home/druid/dev/phing/trunk/test/classes/phing/tasks/PropertyTaskTest.php" fullPackage="phing.tasks.system" package="phing.tasks.system" tests="6" assertions="5" failures="0" errors="0" time="0.087039">
      <testcase name="test1" class="PropertyTaskTest" file="/home/druid/dev/phing/trunk/test/classes/phing/tasks/PropertyTaskTest.php" line="37" assertions="2" time="0.020963"/>
      <testcase name="test2" class="PropertyTaskTest" file="/home/druid/dev/phing/trunk/test/classes/phing/tasks/PropertyTaskTest.php" line="42" assertions="0" time="0.012630"/>
      <testcase name="test3" class="PropertyTaskTest" file="/home/druid/dev/phing/trunk/test/classes/phing/tasks/PropertyTaskTest.php" line="46" assertions="1" time="0.032509"/>
      <testcase name="test4" class="PropertyTaskTest" file="/home/druid/dev/phing/trunk/test/classes/phing/tasks/PropertyTaskTest.php" line="57" assertions="0" time="0.007438"/>
      <testcase name="testPrefixSuccess" class="PropertyTaskTest" file="/home/druid/dev/phing/trunk/test/classes/phing/tasks/PropertyTaskTest.php" line="61" assertions="1" time="0.006794"/>
      <testcase name="testPrefixFailure" class="PropertyTaskTest" file="/home/druid/dev/phing/trunk/test/classes/phing/tasks/PropertyTaskTest.php" line="67" assertions="1" time="0.006705"/>
    </testsuite>
    <testsuite name="ImportTaskTest" file="/home/druid/dev/phing/trunk/test/classes/phing/tasks/ImportTaskTest.php" fullPackage="phing.tasks.system" package="phing.tasks.system" tests="5" assertions="0" failures="0" errors="0" time="0.074818">
      <testcase name="testOverloadedTarget" class="ImportTaskTest" file="/home/druid/dev/phing/trunk/test/classes/phing/tasks/ImportTaskTest.php" line="35" assertions="0" time="0.031781"/>
      <testcase name="testImportedTarget" class="ImportTaskTest" file="/home/druid/dev/phing/trunk/test/classes/phing/tasks/ImportTaskTest.php" line="42" assertions="0" time="0.014043"/>
      <testcase name="testImported2Target" class="ImportTaskTest" file="/home/druid/dev/phing/trunk/test/classes/phing/tasks/ImportTaskTest.php" line="51" assertions="0" time="0.010049"/>
      <testcase name="testCascadeTarget" class="ImportTaskTest" file="/home/druid/dev/phing/trunk/test/classes/phing/tasks/ImportTaskTest.php" line="58" assertions="0" time="0.009461"/>
      <testcase name="testFlipFlopTarget" class="ImportTaskTest" file="/home/druid/dev/phing/trunk/test/classes/phing/tasks/ImportTaskTest.php" line="68" assertions="0" time="0.009484"/>
    </testsuite>
    <testsuite name="TypedefTaskTest" file="/home/druid/dev/phing/trunk/test/classes/phing/tasks/TypedefTaskTest.php" fullPackage="phing.tasks.system" package="phing.tasks.system" tests="6" assertions="5" failures="0" errors="0" time="0.060560">
      <testcase name="testEmpty" class="TypedefTaskTest" file="/home/druid/dev/phing/trunk/test/classes/phing/tasks/TypedefTaskTest.php" line="36" assertions="0" time="0.019307"/>
      <testcase name="testNoName" class="TypedefTaskTest" file="/home/druid/dev/phing/trunk/test/classes/phing/tasks/TypedefTaskTest.php" line="40" assertions="0" time="0.010448"/>
      <testcase name="testNoClassname" class="TypedefTaskTest" file="/home/druid/dev/phing/trunk/test/classes/phing/tasks/TypedefTaskTest.php" line="44" assertions="0" time="0.007987"/>
      <testcase name="testClassNotFound" class="TypedefTaskTest" file="/home/druid/dev/phing/trunk/test/classes/phing/tasks/TypedefTaskTest.php" line="51" assertions="1" time="0.007907"/>
      <testcase name="testGlobal" class="TypedefTaskTest" file="/home/druid/dev/phing/trunk/test/classes/phing/tasks/TypedefTaskTest.php" line="60" assertions="2" time="0.007473"/>
      <testcase name="testLocal" class="TypedefTaskTest" file="/home/druid/dev/phing/trunk/test/classes/phing/tasks/TypedefTaskTest.php" line="68" assertions="2" time="0.007438"/>
    </testsuite>
    <testsuite name="TaskdefTaskTest" file="/home/druid/dev/phing/trunk/test/classes/phing/tasks/TaskdefTaskTest.php" fullPackage="phing.tasks.system" package="phing.tasks.system" tests="6" assertions="5" failures="0" errors="0" time="0.060438">
      <testcase name="testEmpty" class="TaskdefTaskTest" file="/home/druid/dev/phing/trunk/test/classes/phing/tasks/TaskdefTaskTest.php" line="34" assertions="0" time="0.015415"/>
      <testcase name="testNoName" class="TaskdefTaskTest" file="/home/druid/dev/phing/trunk/test/classes/phing/tasks/TaskdefTaskTest.php" line="38" assertions="0" time="0.010823"/>
      <testcase name="testNoClassname" class="TaskdefTaskTest" file="/home/druid/dev/phing/trunk/test/classes/phing/tasks/TaskdefTaskTest.php" line="42" assertions="0" time="0.009397"/>
      <testcase name="testClassNotFound" class="TaskdefTaskTest" file="/home/druid/dev/phing/trunk/test/classes/phing/tasks/TaskdefTaskTest.php" line="49" assertions="1" time="0.008448"/>
      <testcase name="testGlobal" class="TaskdefTaskTest" file="/home/druid/dev/phing/trunk/test/classes/phing/tasks/TaskdefTaskTest.php" line="57" assertions="2" time="0.007959"/>
      <testcase name="testLocal" class="TaskdefTaskTest" file="/home/druid/dev/phing/trunk/test/classes/phing/tasks/TaskdefTaskTest.php" line="65" assertions="2" time="0.008396"/>
    </testsuite>
    <testsuite name="UpToDateTaskTest" file="/home/druid/dev/phing/trunk/test/classes/phing/tasks/system/UpToDateTaskTest.php" fullPackage="phing.tasks.ext" package="phing.tasks.ext" tests="2" assertions="0" failures="0" errors="0" time="0.053970">
      <testcase name="testOverrideNoPropertySet" class="UpToDateTaskTest" file="/home/druid/dev/phing/trunk/test/classes/phing/tasks/system/UpToDateTaskTest.php" line="41" assertions="0" time="0.042357"/>
      <testcase name="testOverridePropertySet" class="UpToDateTaskTest" file="/home/druid/dev/phing/trunk/test/classes/phing/tasks/system/UpToDateTaskTest.php" line="53" assertions="0" time="0.011613"/>
    </testsuite>
    <testsuite name="PearPkg2CompatibilityTest" file="/home/druid/dev/phing/trunk/test/classes/phing/regression/PearPkg2CompatibilityTest.php" fullPackage="phing.regression" package="phing.regression" tests="3" assertions="3" failures="0" errors="0" time="0.242659">
      <testcase name="testInactiveMaintainers" class="PearPkg2CompatibilityTest" file="/home/druid/dev/phing/trunk/test/classes/phing/regression/PearPkg2CompatibilityTest.php" line="46" assertions="1" time="0.176047"/>
      <testcase name="testActiveMaintainers" class="PearPkg2CompatibilityTest" file="/home/druid/dev/phing/trunk/test/classes/phing/regression/PearPkg2CompatibilityTest.php" line="52" assertions="1" time="0.035420"/>
      <testcase name="testNotSetMaintainers" class="PearPkg2CompatibilityTest" file="/home/druid/dev/phing/trunk/test/classes/phing/regression/PearPkg2CompatibilityTest.php" line="58" assertions="1" time="0.031192"/>
    </testsuite>
    <testsuite name="PhpUnit34Test" file="/home/druid/dev/phing/trunk/test/classes/phing/regression/PhpUnit34Test.php" fullPackage="phing.regression" package="phing.regression" tests="1" assertions="1" failures="0" errors="0" time="0.171152">
      <testcase name="testPhingCallTask" class="PhpUnit34Test" file="/home/druid/dev/phing/trunk/test/classes/phing/regression/PhpUnit34Test.php" line="37" assertions="1" time="0.171152"/>
    </testsuite>
    <testsuite name="PearStyleNamingTest" file="/home/druid/dev/phing/trunk/test/classes/phing/regression/PearStyleNamingTest.php" fullPackage="phing.regression" package="phing.regression" tests="1" assertions="0" failures="0" errors="0" time="0.054823">
      <testcase name="testPhingCallTask" class="PearStyleNamingTest" file="/home/druid/dev/phing/trunk/test/classes/phing/regression/PearStyleNamingTest.php" line="37" assertions="0" time="0.054823"/>
    </testsuite>
    <testsuite name="RecursivePropertyTest" file="/home/druid/dev/phing/trunk/test/classes/phing/regression/RecursivePropertyTest.php" fullPackage="phing.regression" package="phing.regression" tests="1" assertions="1" failures="0" errors="0" time="0.037910">
      <testcase name="testCopyTask" class="RecursivePropertyTest" file="/home/druid/dev/phing/trunk/test/classes/phing/regression/RecursivePropertyTest.php" line="42" assertions="1" time="0.037910"/>
    </testsuite>
    <testsuite name="MoveReplaceRegexpTest" file="/home/druid/dev/phing/trunk/test/classes/phing/regression/MoveReplaceRegexpTest.php" fullPackage="phing.regression" package="phing.regression" tests="1" assertions="1" failures="0" errors="0" time="0.057837">
      <testcase name="testPhingCallTask" class="MoveReplaceRegexpTest" file="/home/druid/dev/phing/trunk/test/classes/phing/regression/MoveReplaceRegexpTest.php" line="42" assertions="1" time="0.057837"/>
    </testsuite>
    <testsuite name="ExcludeZipTest" file="/home/druid/dev/phing/trunk/test/classes/phing/regression/ExcludeZipTest.php" fullPackage="phing.regression" package="phing.regression" tests="1" assertions="0" failures="0" errors="0" time="0.289506">
      <testcase name="testZipTask" class="ExcludeZipTest" file="/home/druid/dev/phing/trunk/test/classes/phing/regression/ExcludeZipTest.php" line="37" assertions="0" time="0.289506"/>
    </testsuite>
    <testsuite name="CustomTaskFileSetTest" file="/home/druid/dev/phing/trunk/test/classes/phing/regression/CustomTaskFileSetTest.php" fullPackage="phing.regression" package="phing.regression" tests="1" assertions="0" failures="0" errors="0" time="0.061973">
      <testcase name="testCustomTask" class="CustomTaskFileSetTest" file="/home/druid/dev/phing/trunk/test/classes/phing/regression/CustomTaskFileSetTest.php" line="37" assertions="0" time="0.061973"/>
    </testsuite>
    <testsuite name="HtmlEntitiesTest" file="/home/druid/dev/phing/trunk/test/classes/phing/regression/HtmlEntitiesTest.php" fullPackage="phing.regression" package="phing.regression" tests="1" assertions="0" failures="0" errors="0" time="0.035104">
      <testcase name="testCopyTask" class="HtmlEntitiesTest" file="/home/druid/dev/phing/trunk/test/classes/phing/regression/HtmlEntitiesTest.php" line="37" assertions="0" time="0.035104"/>
    </testsuite>
    <testsuite name="CopyMoveNoExceptionTest" file="/home/druid/dev/phing/trunk/test/classes/phing/regression/CopyMoveNoExceptionTest.php" fullPackage="phing.regression" package="phing.regression" tests="1" assertions="0" failures="0" errors="0" time="0.025689">
      <testcase name="testPhingCallTask" class="CopyMoveNoExceptionTest" file="/home/druid/dev/phing/trunk/test/classes/phing/regression/CopyMoveNoExceptionTest.php" line="37" assertions="0" time="0.025689"/>
    </testsuite>
    <testsuite name="PhpLintFlagTest" file="/home/druid/dev/phing/trunk/test/classes/phing/regression/590/PhpLintTest.php" fullPackage="phing.regression" package="phing.regression" tests="1" assertions="0" failures="0" errors="0" time="0.137512">
      <testcase name="testPhpLintTask" class="PhpLintFlagTest" file="/home/druid/dev/phing/trunk/test/classes/phing/regression/590/PhpLintTest.php" line="37" assertions="0" time="0.137512"/>
    </testsuite>
    <testsuite name="PropertyCommentsTest" file="/home/druid/dev/phing/trunk/test/classes/phing/regression/PropertyCommentsTest.php" fullPackage="phing.regression" package="phing.regression" tests="1" assertions="1" failures="0" errors="0" time="0.031975">
      <testcase name="testPhingCallTask" class="PropertyCommentsTest" file="/home/druid/dev/phing/trunk/test/classes/phing/regression/PropertyCommentsTest.php" line="37" assertions="1" time="0.031975"/>
    </testsuite>
    <testsuite name="AdhocTaskdefTaskTest" file="/home/druid/dev/phing/trunk/test/classes/phing/regression/610/AdhocTaskdefTaskTest.php" fullPackage="phing.regression" package="phing.regression" tests="1" assertions="0" failures="0" errors="0" time="0.029677">
      <testcase name="testPhingCallTask" class="AdhocTaskdefTaskTest" file="/home/druid/dev/phing/trunk/test/classes/phing/regression/610/AdhocTaskdefTaskTest.php" line="37" assertions="0" time="0.029677"/>
    </testsuite>
    <testsuite name="ForeachFileSetTest" file="/home/druid/dev/phing/trunk/test/classes/phing/regression/ForeachFileSetTest.php" fullPackage="phing.regression" package="phing.regression" tests="1" assertions="0" failures="0" errors="0" time="0.066076">
      <testcase name="testCustomTask" class="ForeachFileSetTest" file="/home/druid/dev/phing/trunk/test/classes/phing/regression/ForeachFileSetTest.php" line="37" assertions="0" time="0.066076"/>
    </testsuite>
    <testsuite name="CopyTaskFileListTest" file="/home/druid/dev/phing/trunk/test/classes/phing/regression/CopyTaskFileListTest.php" fullPackage="phing.regression" package="phing.regression" tests="1" assertions="0" failures="0" errors="0" time="0.027481">
      <testcase name="testCopyTask" class="CopyTaskFileListTest" file="/home/druid/dev/phing/trunk/test/classes/phing/regression/CopyTaskFileListTest.php" line="37" assertions="0" time="0.027481"/>
    </testsuite>
    <testsuite name="ReplaceTokenBooleanTest" file="/home/druid/dev/phing/trunk/test/classes/phing/regression/ReplaceTokenBooleanTest.php" fullPackage="phing.regression" package="phing.regression" tests="1" assertions="0" failures="0" errors="0" time="0.037701">
      <testcase name="testCustomTask" class="ReplaceTokenBooleanTest" file="/home/druid/dev/phing/trunk/test/classes/phing/regression/ReplaceTokenBooleanTest.php" line="37" assertions="0" time="0.037701"/>
    </testsuite>
    <testsuite name="PhingCallAdhocTest" file="/home/druid/dev/phing/trunk/test/classes/phing/regression/PhingCallAdhocTest.php" fullPackage="phing.regression" package="phing.regression" tests="1" assertions="0" failures="0" errors="0" time="0.029111">
      <testcase name="testPhingCallTask" class="PhingCallAdhocTest" file="/home/druid/dev/phing/trunk/test/classes/phing/regression/PhingCallAdhocTest.php" line="37" assertions="0" time="0.029111"/>
    </testsuite>
    <testsuite name="LineContainsTest" file="/home/druid/dev/phing/trunk/test/classes/phing/filters/LineContainsTest.php" fullPackage="phing.filters" package="phing.filters" tests="1" assertions="1" failures="0" errors="0" time="0.061687">
      <testcase name="testLineContains" class="LineContainsTest" file="/home/druid/dev/phing/trunk/test/classes/phing/filters/LineContainsTest.php" line="43" assertions="1" time="0.061687"/>
    </testsuite>
    <testsuite name="TargetTest" file="/home/druid/dev/phing/trunk/test/classes/phing/components/TargetTest.php" fullPackage="phing.system" package="phing.system" tests="1" assertions="2" failures="0" errors="0" time="0.172599">
      <testcase name="testHiddenTargets" class="TargetTest" file="/home/druid/dev/phing/trunk/test/classes/phing/components/TargetTest.php" line="38" assertions="2" time="0.172599"/>
    </testsuite>
    <testsuite name="IntrospectionHelperTest" file="/home/druid/dev/phing/trunk/test/classes/phing/IntrospectionHelperTest.php" fullPackage="phing" package="phing" tests="3" assertions="3" failures="0" errors="0" time="0.001939">
      <testcase name="testAddText" class="IntrospectionHelperTest" file="/home/druid/dev/phing/trunk/test/classes/phing/IntrospectionHelperTest.php" line="47" assertions="0" time="0.000796"/>
      <testcase name="testSupportsCharacters" class="IntrospectionHelperTest" file="/home/druid/dev/phing/trunk/test/classes/phing/IntrospectionHelperTest.php" line="59" assertions="2" time="0.000412"/>
      <testcase name="testElementCreators" class="IntrospectionHelperTest" file="/home/druid/dev/phing/trunk/test/classes/phing/IntrospectionHelperTest.php" line="66" assertions="1" time="0.000731"/>
    </testsuite>
    <testsuite name="MapperTest" file="/home/druid/dev/phing/trunk/test/classes/phing/types/MapperTest.php" fullPackage="phing.types" package="phing.types" tests="3" assertions="9" failures="0" errors="0" time="0.209606">
      <testcase name="testEmptyElementIfIsReference" class="MapperTest" file="/home/druid/dev/phing/trunk/test/classes/phing/types/MapperTest.php" line="45" assertions="4" time="0.000860"/>
      <testcase name="testCircularReferenceCheck" class="MapperTest" file="/home/druid/dev/phing/trunk/test/classes/phing/types/MapperTest.php" line="82" assertions="5" time="0.001295"/>
      <testcase name="testCopyTaskWithTwoFilesets" class="MapperTest" file="/home/druid/dev/phing/trunk/test/classes/phing/types/MapperTest.php" line="132" assertions="0" time="0.207451"/>
    </testsuite>
    <testsuite name="TaskdefForCopyTest" file="/home/druid/dev/phing/trunk/test/classes/phing/types/MapperTest.php" fullPackage="phing.mappers" package="phing.mappers" tests="1" assertions="0" failures="0" errors="0" time="0.173369">
      <testcase name="test1" class="TaskdefForCopyTest" file="/home/druid/dev/phing/trunk/test/classes/phing/types/MapperTest.php" line="160" assertions="0" time="0.173369"/>
    </testsuite>
    <testsuite name="FileSetTest" file="/home/druid/dev/phing/trunk/test/classes/phing/types/FileSetTest.php" fullPackage="phing.types" package="phing.types" tests="1" assertions="13" failures="0" errors="0" time="0.002173">
      <testcase name="testEmptyElementIfIsReference" class="FileSetTest" file="/home/druid/dev/phing/trunk/test/classes/phing/types/FileSetTest.php" line="49" assertions="13" time="0.002173"/>
    </testsuite>
    <testsuite name="CommandlineTest" file="/home/druid/dev/phing/trunk/test/classes/phing/types/CommandlineTest.php" fullPackage="phing.types" package="phing.types" tests="1" assertions="4" failures="0" errors="0" time="0.000918">
      <testcase name="testTranslateCommandline" class="CommandlineTest" file="/home/druid/dev/phing/trunk/test/classes/phing/types/CommandlineTest.php" line="45" assertions="4" time="0.000918"/>
    </testsuite>
    <testsuite name="FileOutputStreamTest" file="/home/druid/dev/phing/trunk/test/classes/phing/system/FileOutputStreamTest.php" fullPackage="phing.system" package="phing.system" tests="2" assertions="3" failures="0" errors="0" time="0.001206">
      <testcase name="testWrite" class="FileOutputStreamTest" file="/home/druid/dev/phing/trunk/test/classes/phing/system/FileOutputStreamTest.php" line="56" assertions="3" time="0.000625"/>
      <testcase name="testFlush" class="FileOutputStreamTest" file="/home/druid/dev/phing/trunk/test/classes/phing/system/FileOutputStreamTest.php" line="80" assertions="0" time="0.000581"/>
    </testsuite>
    <testsuite name="UnixFileSystemTest" file="/home/druid/dev/phing/trunk/test/classes/phing/system/io/UnixFileSystemTest.php" fullPackage="phing.system.io" package="phing.system.io" tests="1" assertions="1" failures="0" errors="0" time="0.000401">
      <testcase name="testCompare" class="UnixFileSystemTest" file="/home/druid/dev/phing/trunk/test/classes/phing/system/io/UnixFileSystemTest.php" line="47" assertions="1" time="0.000401"/>
    </testsuite>
  </testsuite>
</testsuites>
